[01:36:49.135934][HLLOG][info ][tid:7D6D] ModuleLoggerData: initialization of module: sllogger::LoggerTypes. logging dir: /app/torch-compile-tutorial/HPU/hlogs logging dir from env: /app/torch-compile-tutorial/HPU/hlogs
[01:36:49.136764][HLLOG][info ][tid:7D6D] createLogger: name: OP_VALIDATION default level: 4 log level: 1[debug] console level: 6 special context: 0 TID:1 PID: 0 fileline: 0 filename: synapse_utils_log.txt filesize: 10485760 fileBufferSize: 0 fileAmount: 5 rotateOnOpen: false default lazy level: 6 lazy level: 6
[01:36:49.136776][HLLOG][info ][tid:7D6D] createLogger: name: SHARED_LAYER_API default level: 4 log level: 1[debug] console level: 6 special context: 0 TID:1 PID: 0 fileline: 0 filename: synapse_utils_log.txt filesize: 10485760 fileBufferSize: 0 fileAmount: 5 rotateOnOpen: false default lazy level: 6 lazy level: 6
[01:36:49.147983][HLLOG][info ][tid:7D6D] ModuleLoggerData: initialization of module: hl_gcfg::LoggerTypes. logging dir: /app/torch-compile-tutorial/HPU/hlogs logging dir from env: /app/torch-compile-tutorial/HPU/hlogs
[01:36:49.148031][HLLOG][info ][tid:7D6D] createLoggerOnDemand: loggerName: HL_GCFG defaultLogLevel: 3 defaultLazyLoggingLevel: 6
[01:36:49.149322][HLLOG][info ][tid:7D6D] createLogger: name: HL_GCFG default level: 255 log level: 0[trace] console level: 255 special context: 0 TID:1 PID: 0 fileline: 0 filename: gcfg_log.txt filesize: 1048576 fileBufferSize: 0 fileAmount: 3 rotateOnOpen: false default lazy level: 255 lazy level: 6
[01:36:49.149325][HLLOG][info ][tid:7D6D] setLoggingLevel: logger: HL_GCFG newLevel: 1
[01:36:49.149326][HLLOG][info ][tid:7D6D] setConsoleLoggingLevel: logger: HL_GCFG newConsoleLevel: 6
[01:36:49.149328][HLLOG][info ][tid:7D6D] setLazyLoggingLevel: logger: HL_GCFG newLevel: 6
[01:36:49.149330][HLLOG][info ][tid:7D6D] setLazyLoggingLevel: logger: HL_GCFG newLevel: 6
[01:36:49.149552][HLLOG][info ][tid:7D6D] ModuleLoggerData: initialization of module: hcclg1::LogManagerGaudi::LogType. logging dir: /app/torch-compile-tutorial/HPU/hlogs logging dir from env: /app/torch-compile-tutorial/HPU/hlogs
[01:36:49.150949][HLLOG][info ][tid:7D6D] createLogger: name: HCL default level: 5 log level: 1[debug] console level: 6 special context: 1 TID:1 PID: 0 fileline: 0 filename: hcl.log filesize: 209715200 fileBufferSize: 1048576 fileAmount: 5 rotateOnOpen: true default lazy level: 6 lazy level: 6
[01:36:49.150998][HLLOG][info ][tid:7D6D] createLogger: name: HCL_OFI default level: 5 log level: 1[debug] console level: 6 special context: 1 TID:1 PID: 0 fileline: 0 filename: hcl.log filesize: 209715200 fileBufferSize: 1048576 fileAmount: 5 rotateOnOpen: true default lazy level: 6 lazy level: 6
[01:36:49.151026][HLLOG][info ][tid:7D6D] createLogger: name: HCL_SCAL default level: 5 log level: 1[debug] console level: 6 special context: 1 TID:1 PID: 0 fileline: 0 filename: hcl.log filesize: 209715200 fileBufferSize: 1048576 fileAmount: 5 rotateOnOpen: true default lazy level: 6 lazy level: 6
[01:36:49.151051][HLLOG][info ][tid:7D6D] createLogger: name: HCL_SIMB default level: 5 log level: 1[debug] console level: 6 special context: 1 TID:1 PID: 0 fileline: 0 filename: hcl.log filesize: 209715200 fileBufferSize: 1048576 fileAmount: 5 rotateOnOpen: true default lazy level: 6 lazy level: 6
[01:36:49.151076][HLLOG][info ][tid:7D6D] createLogger: name: HCL_SYNCOB default level: 5 log level: 1[debug] console level: 6 special context: 1 TID:1 PID: 0 fileline: 0 filename: hcl.log filesize: 209715200 fileBufferSize: 1048576 fileAmount: 5 rotateOnOpen: true default lazy level: 6 lazy level: 6
[01:36:49.151101][HLLOG][info ][tid:7D6D] createLogger: name: HCL_ECR default level: 5 log level: 1[debug] console level: 6 special context: 1 TID:1 PID: 0 fileline: 0 filename: hcl.log filesize: 209715200 fileBufferSize: 1048576 fileAmount: 5 rotateOnOpen: true default lazy level: 6 lazy level: 6
[01:36:49.151130][HLLOG][info ][tid:7D6D] createLogger: name: HCL_PROACT default level: 5 log level: 1[debug] console level: 6 special context: 1 TID:1 PID: 0 fileline: 0 filename: hcl.log filesize: 209715200 fileBufferSize: 1048576 fileAmount: 5 rotateOnOpen: true default lazy level: 6 lazy level: 6
[01:36:49.151162][HLLOG][info ][tid:7D6D] createLogger: name: HCL_IBV default level: 5 log level: 1[debug] console level: 6 special context: 1 TID:1 PID: 0 fileline: 0 filename: hcl.log filesize: 209715200 fileBufferSize: 1048576 fileAmount: 5 rotateOnOpen: true default lazy level: 6 lazy level: 6
[01:36:49.151206][HLLOG][info ][tid:7D6D] createLogger: name: FUNC_SCOPE default level: 5 log level: 1[debug] console level: 6 special context: 1 TID:1 PID: 0 fileline: 0 filename: hcl.log filesize: 209715200 fileBufferSize: 1048576 fileAmount: 5 rotateOnOpen: true default lazy level: 6 lazy level: 6
[01:36:49.151238][HLLOG][info ][tid:7D6D] createLogger: name: HCL_SUBMIT default level: 5 log level: 1[debug] console level: 6 special context: 1 TID:1 PID: 0 fileline: 0 filename: hcl.log filesize: 209715200 fileBufferSize: 1048576 fileAmount: 5 rotateOnOpen: true default lazy level: 6 lazy level: 6
[01:36:49.151263][HLLOG][info ][tid:7D6D] createLogger: name: HCL_API default level: 5 log level: 1[debug] console level: 6 special context: 1 TID:1 PID: 0 fileline: 0 filename: hcl.log filesize: 209715200 fileBufferSize: 1048576 fileAmount: 5 rotateOnOpen: true default lazy level: 2 lazy level: 2
[01:36:49.151632][HLLOG][info ][tid:7D6D] createLoggerOnDemand: loggerName: HCL_COORD defaultLogLevel: 5 defaultLazyLoggingLevel: 6
[01:36:49.151645][HLLOG][info ][tid:7D6D] createLoggerOnDemand: loggerName: HCL_TEST defaultLogLevel: 5 defaultLazyLoggingLevel: 6
[01:36:49.151992][HLLOG][info ][tid:7D6D] createLoggerOnDemand: loggerName: HCL_CG defaultLogLevel: 6 defaultLazyLoggingLevel: 0
[01:36:49.152491][HLLOG][info ][tid:7D6D] ModuleLoggerData: initialization of module: scal::LoggerTypes. logging dir: /app/torch-compile-tutorial/HPU/hlogs logging dir from env: /app/torch-compile-tutorial/HPU/hlogs
[01:36:49.153450][HLLOG][info ][tid:7D6D] createLogger: name: SCAL default level: 4 log level: 1[debug] console level: 6 special context: 0 TID:1 PID: 0 fileline: 0 filename: scal_log.txt filesize: 10485760 fileBufferSize: 0 fileAmount: 5 rotateOnOpen: false default lazy level: 6 lazy level: 6
[01:36:49.154841][HLLOG][info ][tid:7D6D] ModuleLoggerData: initialization of module: hcl::LogManager::LogType. logging dir: /app/torch-compile-tutorial/HPU/hlogs logging dir from env: /app/torch-compile-tutorial/HPU/hlogs
[01:36:49.154863][HLLOG][info ][tid:7D6D] createLogger: name: HCL default level: 5 log level: 1[debug] console level: 6 special context: 1 TID:1 PID: 0 fileline: 0 filename: hcl.log filesize: 209715200 fileBufferSize: 1048576 fileAmount: 5 rotateOnOpen: true default lazy level: 6 lazy level: 6
[01:36:49.154872][HLLOG][info ][tid:7D6D] createLogger: name: HCL_OFI default level: 5 log level: 1[debug] console level: 6 special context: 1 TID:1 PID: 0 fileline: 0 filename: hcl.log filesize: 209715200 fileBufferSize: 1048576 fileAmount: 5 rotateOnOpen: true default lazy level: 6 lazy level: 6
[01:36:49.154876][HLLOG][info ][tid:7D6D] createLogger: name: HCL_SCAL default level: 5 log level: 1[debug] console level: 6 special context: 1 TID:1 PID: 0 fileline: 0 filename: hcl.log filesize: 209715200 fileBufferSize: 1048576 fileAmount: 5 rotateOnOpen: true default lazy level: 6 lazy level: 6
[01:36:49.154881][HLLOG][info ][tid:7D6D] createLogger: name: HCL_SIMB default level: 5 log level: 1[debug] console level: 6 special context: 1 TID:1 PID: 0 fileline: 0 filename: hcl.log filesize: 209715200 fileBufferSize: 1048576 fileAmount: 5 rotateOnOpen: true default lazy level: 6 lazy level: 6
[01:36:49.154885][HLLOG][info ][tid:7D6D] createLogger: name: HCL_SYNCOB default level: 5 log level: 1[debug] console level: 6 special context: 1 TID:1 PID: 0 fileline: 0 filename: hcl.log filesize: 209715200 fileBufferSize: 1048576 fileAmount: 5 rotateOnOpen: true default lazy level: 6 lazy level: 6
[01:36:49.154890][HLLOG][info ][tid:7D6D] createLogger: name: HCL_ECR default level: 5 log level: 1[debug] console level: 6 special context: 1 TID:1 PID: 0 fileline: 0 filename: hcl.log filesize: 209715200 fileBufferSize: 1048576 fileAmount: 5 rotateOnOpen: true default lazy level: 6 lazy level: 6
[01:36:49.154914][HLLOG][info ][tid:7D6D] createLogger: name: HCL_PROACT default level: 5 log level: 1[debug] console level: 6 special context: 1 TID:1 PID: 0 fileline: 0 filename: hcl.log filesize: 209715200 fileBufferSize: 1048576 fileAmount: 5 rotateOnOpen: true default lazy level: 6 lazy level: 6
[01:36:49.154918][HLLOG][info ][tid:7D6D] createLogger: name: HCL_IBV default level: 5 log level: 1[debug] console level: 6 special context: 1 TID:1 PID: 0 fileline: 0 filename: hcl.log filesize: 209715200 fileBufferSize: 1048576 fileAmount: 5 rotateOnOpen: true default lazy level: 6 lazy level: 6
[01:36:49.154923][HLLOG][info ][tid:7D6D] createLogger: name: FUNC_SCOPE default level: 5 log level: 1[debug] console level: 6 special context: 1 TID:1 PID: 0 fileline: 0 filename: hcl.log filesize: 209715200 fileBufferSize: 1048576 fileAmount: 5 rotateOnOpen: true default lazy level: 6 lazy level: 6
[01:36:49.154927][HLLOG][info ][tid:7D6D] createLogger: name: HCL_SUBMIT default level: 5 log level: 1[debug] console level: 6 special context: 1 TID:1 PID: 0 fileline: 0 filename: hcl.log filesize: 209715200 fileBufferSize: 1048576 fileAmount: 5 rotateOnOpen: true default lazy level: 6 lazy level: 6
[01:36:49.154932][HLLOG][info ][tid:7D6D] createLogger: name: HCL_API default level: 5 log level: 1[debug] console level: 6 special context: 1 TID:1 PID: 0 fileline: 0 filename: hcl.log filesize: 209715200 fileBufferSize: 1048576 fileAmount: 5 rotateOnOpen: true default lazy level: 2 lazy level: 2
[01:36:49.155055][HLLOG][info ][tid:7D6D] createLoggerOnDemand: loggerName: HCL_COORD defaultLogLevel: 5 defaultLazyLoggingLevel: 6
[01:36:49.155057][HLLOG][info ][tid:7D6D] createLoggerOnDemand: loggerName: HCL_FAILOVER defaultLogLevel: 0 defaultLazyLoggingLevel: 6
[01:36:49.155059][HLLOG][info ][tid:7D6D] createLoggerOnDemand: loggerName: HCL_TEST defaultLogLevel: 5 defaultLazyLoggingLevel: 6
[01:36:49.155172][HLLOG][info ][tid:7D6D] createLoggerOnDemand: loggerName: HCL_CG defaultLogLevel: 6 defaultLazyLoggingLevel: 0
[01:36:49.157647][HLLOG][info ][tid:7D6D] ModuleLoggerData: initialization of module: synapse::LogManager::LogType. logging dir: /app/torch-compile-tutorial/HPU/hlogs logging dir from env: /app/torch-compile-tutorial/HPU/hlogs
[01:36:49.160362][HLLOG][info ][tid:7D6D] createLogger: name: GC default level: 5 log level: 1[debug] console level: 6 special context: 1 TID:1 PID: 0 fileline: 0 filename: synapse_log.txt filesize: 10485760 fileBufferSize: 1048576 fileAmount: 5 rotateOnOpen: false default lazy level: 6 lazy level: 6
[01:36:49.160379][HLLOG][info ][tid:7D6D] createLogger: name: TRANSPOSE_SPLIT default level: 5 log level: 1[debug] console level: 6 special context: 1 TID:1 PID: 0 fileline: 0 filename: synapse_log.txt filesize: 10485760 fileBufferSize: 1048576 fileAmount: 5 rotateOnOpen: false default lazy level: 6 lazy level: 6
[01:36:49.160385][HLLOG][info ][tid:7D6D] createLogger: name: VALIDATION default level: 5 log level: 1[debug] console level: 6 special context: 1 TID:1 PID: 0 fileline: 0 filename: synapse_log.txt filesize: 10485760 fileBufferSize: 1048576 fileAmount: 5 rotateOnOpen: false default lazy level: 6 lazy level: 6
[01:36:49.160392][HLLOG][info ][tid:7D6D] createLogger: name: GRAPH_DATA default level: 5 log level: 1[debug] console level: 6 special context: 1 TID:1 PID: 0 fileline: 0 filename: synapse_log.txt filesize: 10485760 fileBufferSize: 1048576 fileAmount: 5 rotateOnOpen: false default lazy level: 6 lazy level: 6
[01:36:49.160398][HLLOG][info ][tid:7D6D] createLogger: name: SLICE_NORM default level: 5 log level: 1[debug] console level: 6 special context: 1 TID:1 PID: 0 fileline: 0 filename: synapse_log.txt filesize: 10485760 fileBufferSize: 1048576 fileAmount: 5 rotateOnOpen: false default lazy level: 6 lazy level: 6
[01:36:49.160417][HLLOG][info ][tid:7D6D] createLogger: name: SYNC_SCHEME default level: 5 log level: 1[debug] console level: 6 special context: 1 TID:1 PID: 0 fileline: 0 filename: synapse_log.txt filesize: 10485760 fileBufferSize: 1048576 fileAmount: 5 rotateOnOpen: false default lazy level: 6 lazy level: 6
[01:36:49.160423][HLLOG][info ][tid:7D6D] createLogger: name: SYNC_SCHEME_DLT default level: 5 log level: 1[debug] console level: 6 special context: 1 TID:1 PID: 0 fileline: 0 filename: synapse_log.txt filesize: 10485760 fileBufferSize: 1048576 fileAmount: 5 rotateOnOpen: false default lazy level: 6 lazy level: 6
[01:36:49.160429][HLLOG][info ][tid:7D6D] createLogger: name: RANGE_SLICE default level: 5 log level: 1[debug] console level: 6 special context: 1 TID:1 PID: 0 fileline: 0 filename: synapse_log.txt filesize: 10485760 fileBufferSize: 1048576 fileAmount: 5 rotateOnOpen: false default lazy level: 6 lazy level: 6
[01:36:49.160439][HLLOG][info ][tid:7D6D] createLogger: name: FUSE_BATCH_NORM default level: 5 log level: 1[debug] console level: 6 special context: 1 TID:1 PID: 0 fileline: 0 filename: synapse_log.txt filesize: 10485760 fileBufferSize: 1048576 fileAmount: 5 rotateOnOpen: false default lazy level: 6 lazy level: 6
[01:36:49.160445][HLLOG][info ][tid:7D6D] createLogger: name: SRAM_SLICE default level: 5 log level: 1[debug] console level: 6 special context: 1 TID:1 PID: 0 fileline: 0 filename: synapse_log.txt filesize: 10485760 fileBufferSize: 1048576 fileAmount: 5 rotateOnOpen: false default lazy level: 6 lazy level: 6
[01:36:49.160452][HLLOG][info ][tid:7D6D] createLogger: name: BROADCAST_NODE_CREATOR default level: 5 log level: 1[debug] console level: 6 special context: 1 TID:1 PID: 0 fileline: 0 filename: synapse_log.txt filesize: 10485760 fileBufferSize: 1048576 fileAmount: 5 rotateOnOpen: false default lazy level: 6 lazy level: 6
[01:36:49.160458][HLLOG][info ][tid:7D6D] createLogger: name: SLICE_NODE default level: 5 log level: 1[debug] console level: 6 special context: 1 TID:1 PID: 0 fileline: 0 filename: synapse_log.txt filesize: 10485760 fileBufferSize: 1048576 fileAmount: 5 rotateOnOpen: false default lazy level: 6 lazy level: 6
[01:36:49.160465][HLLOG][info ][tid:7D6D] createLogger: name: MEM_COHERENCE default level: 5 log level: 1[debug] console level: 6 special context: 1 TID:1 PID: 0 fileline: 0 filename: synapse_log.txt filesize: 10485760 fileBufferSize: 1048576 fileAmount: 5 rotateOnOpen: false default lazy level: 6 lazy level: 6
[01:36:49.160471][HLLOG][info ][tid:7D6D] createLogger: name: CSE_OPTIMIZATION default level: 5 log level: 1[debug] console level: 6 special context: 1 TID:1 PID: 0 fileline: 0 filename: synapse_log.txt filesize: 10485760 fileBufferSize: 1048576 fileAmount: 5 rotateOnOpen: false default lazy level: 6 lazy level: 6
[01:36:49.160477][HLLOG][info ][tid:7D6D] createLogger: name: OP_VALIDATOR default level: 5 log level: 1[debug] console level: 6 special context: 1 TID:1 PID: 0 fileline: 0 filename: synapse_log.txt filesize: 10485760 fileBufferSize: 1048576 fileAmount: 5 rotateOnOpen: false default lazy level: 6 lazy level: 6
[01:36:49.160483][HLLOG][info ][tid:7D6D] createLogger: name: GC_SHARED_LAYER default level: 5 log level: 1[debug] console level: 6 special context: 1 TID:1 PID: 0 fileline: 0 filename: synapse_log.txt filesize: 10485760 fileBufferSize: 1048576 fileAmount: 5 rotateOnOpen: false default lazy level: 6 lazy level: 6
[01:36:49.160490][HLLOG][info ][tid:7D6D] createLogger: name: OPTIMIZE_SI default level: 5 log level: 1[debug] console level: 6 special context: 1 TID:1 PID: 0 fileline: 0 filename: synapse_log.txt filesize: 10485760 fileBufferSize: 1048576 fileAmount: 5 rotateOnOpen: false default lazy level: 6 lazy level: 6
[01:36:49.160496][HLLOG][info ][tid:7D6D] createLogger: name: BGEMM_FLATTEN default level: 5 log level: 1[debug] console level: 6 special context: 1 TID:1 PID: 0 fileline: 0 filename: synapse_log.txt filesize: 10485760 fileBufferSize: 1048576 fileAmount: 5 rotateOnOpen: false default lazy level: 6 lazy level: 6
[01:36:49.160502][HLLOG][info ][tid:7D6D] createLogger: name: SPILL_FILL default level: 5 log level: 1[debug] console level: 6 special context: 1 TID:1 PID: 0 fileline: 0 filename: synapse_log.txt filesize: 10485760 fileBufferSize: 1048576 fileAmount: 5 rotateOnOpen: false default lazy level: 6 lazy level: 6
[01:36:49.160519][HLLOG][info ][tid:7D6D] createLogger: name: HUGE_TENSOR_SLICE default level: 5 log level: 1[debug] console level: 6 special context: 1 TID:1 PID: 0 fileline: 0 filename: synapse_log.txt filesize: 10485760 fileBufferSize: 1048576 fileAmount: 5 rotateOnOpen: false default lazy level: 6 lazy level: 6
[01:36:49.160526][HLLOG][info ][tid:7D6D] createLogger: name: SRAM_SOL_GEN default level: 5 log level: 1[debug] console level: 6 special context: 1 TID:1 PID: 0 fileline: 0 filename: synapse_log.txt filesize: 10485760 fileBufferSize: 1048576 fileAmount: 5 rotateOnOpen: false default lazy level: 6 lazy level: 6
[01:36:49.160532][HLLOG][info ][tid:7D6D] createLogger: name: LAYERED_BRAIN default level: 5 log level: 1[debug] console level: 6 special context: 1 TID:1 PID: 0 fileline: 0 filename: synapse_log.txt filesize: 10485760 fileBufferSize: 1048576 fileAmount: 5 rotateOnOpen: false default lazy level: 6 lazy level: 6
[01:36:49.160538][HLLOG][info ][tid:7D6D] createLogger: name: LB_BUNDLER default level: 5 log level: 1[debug] console level: 6 special context: 1 TID:1 PID: 0 fileline: 0 filename: synapse_log.txt filesize: 10485760 fileBufferSize: 1048576 fileAmount: 5 rotateOnOpen: false default lazy level: 6 lazy level: 6
[01:36:49.160545][HLLOG][info ][tid:7D6D] createLogger: name: LB_SLICER default level: 5 log level: 1[debug] console level: 6 special context: 1 TID:1 PID: 0 fileline: 0 filename: synapse_log.txt filesize: 10485760 fileBufferSize: 1048576 fileAmount: 5 rotateOnOpen: false default lazy level: 6 lazy level: 6
[01:36:49.160551][HLLOG][info ][tid:7D6D] createLogger: name: LB_SCHEDULER default level: 5 log level: 1[debug] console level: 6 special context: 1 TID:1 PID: 0 fileline: 0 filename: synapse_log.txt filesize: 10485760 fileBufferSize: 1048576 fileAmount: 5 rotateOnOpen: false default lazy level: 6 lazy level: 6
[01:36:49.160557][HLLOG][info ][tid:7D6D] createLogger: name: LB_CACHE_MNGR default level: 5 log level: 1[debug] console level: 6 special context: 1 TID:1 PID: 0 fileline: 0 filename: synapse_log.txt filesize: 10485760 fileBufferSize: 1048576 fileAmount: 5 rotateOnOpen: false default lazy level: 6 lazy level: 6
[01:36:49.160563][HLLOG][info ][tid:7D6D] createLogger: name: LB_EVALUATOR default level: 5 log level: 1[debug] console level: 6 special context: 1 TID:1 PID: 0 fileline: 0 filename: synapse_log.txt filesize: 10485760 fileBufferSize: 1048576 fileAmount: 5 rotateOnOpen: false default lazy level: 6 lazy level: 6
[01:36:49.160570][HLLOG][info ][tid:7D6D] createLogger: name: LB_PARTIALS default level: 5 log level: 1[debug] console level: 6 special context: 1 TID:1 PID: 0 fileline: 0 filename: synapse_log.txt filesize: 10485760 fileBufferSize: 1048576 fileAmount: 5 rotateOnOpen: false default lazy level: 6 lazy level: 6
[01:36:49.160576][HLLOG][info ][tid:7D6D] createLogger: name: TILE_SIZE_CALC default level: 5 log level: 1[debug] console level: 6 special context: 1 TID:1 PID: 0 fileline: 0 filename: synapse_log.txt filesize: 10485760 fileBufferSize: 1048576 fileAmount: 5 rotateOnOpen: false default lazy level: 6 lazy level: 6
[01:36:49.160582][HLLOG][info ][tid:7D6D] createLogger: name: BE_SLICER default level: 5 log level: 1[debug] console level: 6 special context: 1 TID:1 PID: 0 fileline: 0 filename: synapse_log.txt filesize: 10485760 fileBufferSize: 1048576 fileAmount: 5 rotateOnOpen: false default lazy level: 6 lazy level: 6
[01:36:49.160588][HLLOG][info ][tid:7D6D] createLogger: name: COST_MODEL default level: 5 log level: 1[debug] console level: 6 special context: 1 TID:1 PID: 0 fileline: 0 filename: synapse_log.txt filesize: 10485760 fileBufferSize: 1048576 fileAmount: 5 rotateOnOpen: false default lazy level: 6 lazy level: 6
[01:36:49.160597][HLLOG][info ][tid:7D6D] createLogger: name: BP_GRAPH default level: 5 log level: 1[debug] console level: 6 special context: 1 TID:1 PID: 0 fileline: 0 filename: synapse_log.txt filesize: 10485760 fileBufferSize: 1048576 fileAmount: 5 rotateOnOpen: false default lazy level: 6 lazy level: 6
[01:36:49.160603][HLLOG][info ][tid:7D6D] createLogger: name: SYNC_SCHEME_VAL default level: 5 log level: 1[debug] console level: 6 special context: 1 TID:1 PID: 0 fileline: 0 filename: synapse_log.txt filesize: 10485760 fileBufferSize: 1048576 fileAmount: 5 rotateOnOpen: false default lazy level: 6 lazy level: 6
[01:36:49.160610][HLLOG][info ][tid:7D6D] createLogger: name: QMAN default level: 5 log level: 1[debug] console level: 6 special context: 1 TID:1 PID: 0 fileline: 0 filename: synapse_log.txt filesize: 10485760 fileBufferSize: 1048576 fileAmount: 5 rotateOnOpen: false default lazy level: 6 lazy level: 6
[01:36:49.160616][HLLOG][info ][tid:7D6D] createLogger: name: ROI_RANGE default level: 5 log level: 1[debug] console level: 6 special context: 1 TID:1 PID: 0 fileline: 0 filename: synapse_log.txt filesize: 10485760 fileBufferSize: 1048576 fileAmount: 5 rotateOnOpen: false default lazy level: 6 lazy level: 6
[01:36:49.160622][HLLOG][info ][tid:7D6D] createLogger: name: MME_STACK default level: 5 log level: 1[debug] console level: 6 special context: 1 TID:1 PID: 0 fileline: 0 filename: synapse_log.txt filesize: 10485760 fileBufferSize: 1048576 fileAmount: 5 rotateOnOpen: false default lazy level: 6 lazy level: 6
[01:36:49.160628][HLLOG][info ][tid:7D6D] createLogger: name: GRAD_PAIR default level: 5 log level: 1[debug] console level: 6 special context: 1 TID:1 PID: 0 fileline: 0 filename: synapse_log.txt filesize: 10485760 fileBufferSize: 1048576 fileAmount: 5 rotateOnOpen: false default lazy level: 6 lazy level: 6
[01:36:49.160634][HLLOG][info ][tid:7D6D] createLogger: name: BGEMM_ALIGNER default level: 5 log level: 1[debug] console level: 6 special context: 1 TID:1 PID: 0 fileline: 0 filename: synapse_log.txt filesize: 10485760 fileBufferSize: 1048576 fileAmount: 5 rotateOnOpen: false default lazy level: 6 lazy level: 6
[01:36:49.160641][HLLOG][info ][tid:7D6D] createLogger: name: MEMORY_SECTION default level: 5 log level: 1[debug] console level: 6 special context: 1 TID:1 PID: 0 fileline: 0 filename: synapse_log.txt filesize: 10485760 fileBufferSize: 1048576 fileAmount: 5 rotateOnOpen: false default lazy level: 6 lazy level: 6
[01:36:49.160647][HLLOG][info ][tid:7D6D] createLogger: name: HABANA_NODE default level: 5 log level: 1[debug] console level: 6 special context: 1 TID:1 PID: 0 fileline: 0 filename: synapse_log.txt filesize: 10485760 fileBufferSize: 1048576 fileAmount: 5 rotateOnOpen: false default lazy level: 6 lazy level: 6
[01:36:49.160653][HLLOG][info ][tid:7D6D] createLogger: name: KERNEL_DB default level: 5 log level: 1[debug] console level: 6 special context: 1 TID:1 PID: 0 fileline: 0 filename: synapse_log.txt filesize: 10485760 fileBufferSize: 1048576 fileAmount: 5 rotateOnOpen: false default lazy level: 6 lazy level: 6
[01:36:49.160659][HLLOG][info ][tid:7D6D] createLogger: name: RECIPE_GEN default level: 5 log level: 1[debug] console level: 6 special context: 1 TID:1 PID: 0 fileline: 0 filename: synapse_log.txt filesize: 10485760 fileBufferSize: 1048576 fileAmount: 5 rotateOnOpen: false default lazy level: 6 lazy level: 6
[01:36:49.160665][HLLOG][info ][tid:7D6D] createLogger: name: ROI_SPLITTER default level: 5 log level: 1[debug] console level: 6 special context: 1 TID:1 PID: 0 fileline: 0 filename: synapse_log.txt filesize: 10485760 fileBufferSize: 1048576 fileAmount: 5 rotateOnOpen: false default lazy level: 6 lazy level: 6
[01:36:49.160671][HLLOG][info ][tid:7D6D] createLogger: name: DCORE_SPLITTER default level: 5 log level: 1[debug] console level: 6 special context: 1 TID:1 PID: 0 fileline: 0 filename: synapse_log.txt filesize: 10485760 fileBufferSize: 1048576 fileAmount: 5 rotateOnOpen: false default lazy level: 6 lazy level: 6
[01:36:49.160677][HLLOG][info ][tid:7D6D] createLogger: name: TPC_NODE default level: 5 log level: 1[debug] console level: 6 special context: 1 TID:1 PID: 0 fileline: 0 filename: synapse_log.txt filesize: 10485760 fileBufferSize: 1048576 fileAmount: 5 rotateOnOpen: false default lazy level: 6 lazy level: 6
[01:36:49.160690][HLLOG][info ][tid:7D6D] createLogger: name: TPC_SLICE default level: 5 log level: 1[debug] console level: 6 special context: 1 TID:1 PID: 0 fileline: 0 filename: synapse_log.txt filesize: 10485760 fileBufferSize: 1048576 fileAmount: 5 rotateOnOpen: false default lazy level: 6 lazy level: 6
[01:36:49.160696][HLLOG][info ][tid:7D6D] createLogger: name: OP_SLICE default level: 5 log level: 1[debug] console level: 6 special context: 1 TID:1 PID: 0 fileline: 0 filename: synapse_log.txt filesize: 10485760 fileBufferSize: 1048576 fileAmount: 5 rotateOnOpen: false default lazy level: 6 lazy level: 6
[01:36:49.160705][HLLOG][info ][tid:7D6D] createLogger: name: OPT_LOGICAL_OPS default level: 5 log level: 1[debug] console level: 6 special context: 1 TID:1 PID: 0 fileline: 0 filename: synapse_log.txt filesize: 10485760 fileBufferSize: 1048576 fileAmount: 5 rotateOnOpen: false default lazy level: 6 lazy level: 6
[01:36:49.160711][HLLOG][info ][tid:7D6D] createLogger: name: CTRL_LOGICAL_OP default level: 5 log level: 1[debug] console level: 6 special context: 1 TID:1 PID: 0 fileline: 0 filename: synapse_log.txt filesize: 10485760 fileBufferSize: 1048576 fileAmount: 5 rotateOnOpen: false default lazy level: 6 lazy level: 6
[01:36:49.160717][HLLOG][info ][tid:7D6D] createLogger: name: MME_DESC_CACHE default level: 5 log level: 1[debug] console level: 6 special context: 1 TID:1 PID: 0 fileline: 0 filename: synapse_log.txt filesize: 10485760 fileBufferSize: 1048576 fileAmount: 5 rotateOnOpen: false default lazy level: 6 lazy level: 6
[01:36:49.160723][HLLOG][info ][tid:7D6D] createLogger: name: SYN_COMPARE default level: 5 log level: 1[debug] console level: 6 special context: 1 TID:1 PID: 0 fileline: 0 filename: synapse_log.txt filesize: 10485760 fileBufferSize: 1048576 fileAmount: 5 rotateOnOpen: false default lazy level: 6 lazy level: 6
[01:36:49.160730][HLLOG][info ][tid:7D6D] createLogger: name: SYNREC default level: 5 log level: 1[debug] console level: 6 special context: 1 TID:1 PID: 0 fileline: 0 filename: synapse_log.txt filesize: 10485760 fileBufferSize: 1048576 fileAmount: 5 rotateOnOpen: false default lazy level: 6 lazy level: 6
[01:36:49.160736][HLLOG][info ][tid:7D6D] createLogger: name: SFG default level: 5 log level: 1[debug] console level: 6 special context: 1 TID:1 PID: 0 fileline: 0 filename: synapse_log.txt filesize: 10485760 fileBufferSize: 1048576 fileAmount: 5 rotateOnOpen: false default lazy level: 6 lazy level: 6
[01:36:49.160742][HLLOG][info ][tid:7D6D] createLogger: name: OPT_MEMCPY default level: 5 log level: 1[debug] console level: 6 special context: 1 TID:1 PID: 0 fileline: 0 filename: synapse_log.txt filesize: 10485760 fileBufferSize: 1048576 fileAmount: 5 rotateOnOpen: false default lazy level: 6 lazy level: 6
[01:36:49.160753][HLLOG][info ][tid:7D6D] createLogger: name: EAGER default level: 5 log level: 1[debug] console level: 6 special context: 1 TID:1 PID: 0 fileline: 0 filename: synapse_log.txt filesize: 10485760 fileBufferSize: 1048576 fileAmount: 5 rotateOnOpen: false default lazy level: 6 lazy level: 6
[01:36:49.160760][HLLOG][info ][tid:7D6D] createLogger: name: GC_CONF default level: 5 log level: 1[debug] console level: 6 special context: 1 TID:1 PID: 0 fileline: 0 filename: synapse_log.txt filesize: 10485760 fileBufferSize: 1048576 fileAmount: 5 rotateOnOpen: false default lazy level: 6 lazy level: 6
[01:36:49.160766][HLLOG][info ][tid:7D6D] createLogger: name: DMA_RANGE default level: 5 log level: 1[debug] console level: 6 special context: 1 TID:1 PID: 0 fileline: 0 filename: synapse_log.txt filesize: 10485760 fileBufferSize: 1048576 fileAmount: 5 rotateOnOpen: false default lazy level: 6 lazy level: 6
[01:36:49.160772][HLLOG][info ][tid:7D6D] createLogger: name: LIVA default level: 5 log level: 1[debug] console level: 6 special context: 1 TID:1 PID: 0 fileline: 0 filename: synapse_log.txt filesize: 10485760 fileBufferSize: 1048576 fileAmount: 5 rotateOnOpen: false default lazy level: 6 lazy level: 6
[01:36:49.160778][HLLOG][info ][tid:7D6D] createLogger: name: EPOCH_ALLOC default level: 5 log level: 1[debug] console level: 6 special context: 1 TID:1 PID: 0 fileline: 0 filename: synapse_log.txt filesize: 10485760 fileBufferSize: 1048576 fileAmount: 5 rotateOnOpen: false default lazy level: 6 lazy level: 6
[01:36:49.160784][HLLOG][info ][tid:7D6D] createLogger: name: HEAP_ALLOC default level: 5 log level: 1[debug] console level: 6 special context: 1 TID:1 PID: 0 fileline: 0 filename: synapse_log.txt filesize: 10485760 fileBufferSize: 1048576 fileAmount: 5 rotateOnOpen: false default lazy level: 6 lazy level: 6
[01:36:49.160791][HLLOG][info ][tid:7D6D] createLogger: name: TENSORS_ALLOC default level: 5 log level: 1[debug] console level: 6 special context: 1 TID:1 PID: 0 fileline: 0 filename: synapse_log.txt filesize: 10485760 fileBufferSize: 1048576 fileAmount: 5 rotateOnOpen: false default lazy level: 6 lazy level: 6
[01:36:49.160797][HLLOG][info ][tid:7D6D] createLogger: name: PASS_MANAGER default level: 5 log level: 1[debug] console level: 6 special context: 1 TID:1 PID: 0 fileline: 0 filename: synapse_log.txt filesize: 10485760 fileBufferSize: 1048576 fileAmount: 5 rotateOnOpen: false default lazy level: 6 lazy level: 6
[01:36:49.160803][HLLOG][info ][tid:7D6D] createLogger: name: FUNCTION_SCOPE default level: 5 log level: 1[debug] console level: 6 special context: 1 TID:1 PID: 0 fileline: 0 filename: synapse_log.txt filesize: 10485760 fileBufferSize: 1048576 fileAmount: 5 rotateOnOpen: false default lazy level: 6 lazy level: 6
[01:36:49.160809][HLLOG][info ][tid:7D6D] createLogger: name: BIG_IMAGE_ALG default level: 5 log level: 1[debug] console level: 6 special context: 1 TID:1 PID: 0 fileline: 0 filename: synapse_log.txt filesize: 10485760 fileBufferSize: 1048576 fileAmount: 5 rotateOnOpen: false default lazy level: 6 lazy level: 6
[01:36:49.160815][HLLOG][info ][tid:7D6D] createLogger: name: SPILL_RESIDUALS default level: 5 log level: 1[debug] console level: 6 special context: 1 TID:1 PID: 0 fileline: 0 filename: synapse_log.txt filesize: 10485760 fileBufferSize: 1048576 fileAmount: 5 rotateOnOpen: false default lazy level: 6 lazy level: 6
[01:36:49.160821][HLLOG][info ][tid:7D6D] createLogger: name: DYN_SHAPE default level: 5 log level: 1[debug] console level: 6 special context: 1 TID:1 PID: 0 fileline: 0 filename: synapse_log.txt filesize: 10485760 fileBufferSize: 1048576 fileAmount: 5 rotateOnOpen: false default lazy level: 6 lazy level: 6
[01:36:49.160827][HLLOG][info ][tid:7D6D] createLogger: name: SCHEDULER default level: 5 log level: 1[debug] console level: 6 special context: 1 TID:1 PID: 0 fileline: 0 filename: synapse_log.txt filesize: 10485760 fileBufferSize: 1048576 fileAmount: 5 rotateOnOpen: false default lazy level: 6 lazy level: 6
[01:36:49.160834][HLLOG][info ][tid:7D6D] createLogger: name: QUANT default level: 5 log level: 1[debug] console level: 6 special context: 1 TID:1 PID: 0 fileline: 0 filename: synapse_log.txt filesize: 10485760 fileBufferSize: 1048576 fileAmount: 5 rotateOnOpen: false default lazy level: 6 lazy level: 6
[01:36:49.160840][HLLOG][info ][tid:7D6D] createLogger: name: GC_TPC_FUSER default level: 5 log level: 1[debug] console level: 6 special context: 1 TID:1 PID: 0 fileline: 0 filename: synapse_log.txt filesize: 10485760 fileBufferSize: 1048576 fileAmount: 5 rotateOnOpen: false default lazy level: 6 lazy level: 6
[01:36:49.160846][HLLOG][info ][tid:7D6D] createLogger: name: DATA_TYPES default level: 5 log level: 1[debug] console level: 6 special context: 1 TID:1 PID: 0 fileline: 0 filename: synapse_log.txt filesize: 10485760 fileBufferSize: 1048576 fileAmount: 5 rotateOnOpen: false default lazy level: 6 lazy level: 6
[01:36:49.160852][HLLOG][info ][tid:7D6D] createLogger: name: GC_ARC default level: 5 log level: 1[debug] console level: 6 special context: 1 TID:1 PID: 0 fileline: 0 filename: synapse_log.txt filesize: 10485760 fileBufferSize: 1048576 fileAmount: 5 rotateOnOpen: false default lazy level: 6 lazy level: 6
[01:36:49.160859][HLLOG][info ][tid:7D6D] createLogger: name: GC_COMPLEX_GUID default level: 5 log level: 1[debug] console level: 6 special context: 1 TID:1 PID: 0 fileline: 0 filename: synapse_log.txt filesize: 10485760 fileBufferSize: 1048576 fileAmount: 5 rotateOnOpen: false default lazy level: 6 lazy level: 6
[01:36:49.160871][HLLOG][info ][tid:7D6D] createLogger: name: ZST_REMOVER default level: 5 log level: 1[debug] console level: 6 special context: 1 TID:1 PID: 0 fileline: 0 filename: synapse_log.txt filesize: 10485760 fileBufferSize: 1048576 fileAmount: 5 rotateOnOpen: false default lazy level: 6 lazy level: 6
[01:36:49.160877][HLLOG][info ][tid:7D6D] createLogger: name: BASE_REGS_CACHE default level: 5 log level: 1[debug] console level: 6 special context: 1 TID:1 PID: 0 fileline: 0 filename: synapse_log.txt filesize: 10485760 fileBufferSize: 1048576 fileAmount: 5 rotateOnOpen: false default lazy level: 6 lazy level: 6
[01:36:49.160884][HLLOG][info ][tid:7D6D] createLogger: name: GC_TRANSLATION default level: 5 log level: 1[debug] console level: 6 special context: 1 TID:1 PID: 0 fileline: 0 filename: synapse_log.txt filesize: 10485760 fileBufferSize: 1048576 fileAmount: 5 rotateOnOpen: false default lazy level: 6 lazy level: 6
[01:36:49.160890][HLLOG][info ][tid:7D6D] createLogger: name: DATA_LAYOUT default level: 5 log level: 1[debug] console level: 6 special context: 1 TID:1 PID: 0 fileline: 0 filename: synapse_log.txt filesize: 10485760 fileBufferSize: 1048576 fileAmount: 5 rotateOnOpen: false default lazy level: 6 lazy level: 6
[01:36:49.160896][HLLOG][info ][tid:7D6D] createLogger: name: CACHE_MAINT default level: 5 log level: 1[debug] console level: 6 special context: 1 TID:1 PID: 0 fileline: 0 filename: synapse_log.txt filesize: 10485760 fileBufferSize: 1048576 fileAmount: 5 rotateOnOpen: false default lazy level: 6 lazy level: 6
[01:36:49.160905][HLLOG][info ][tid:7D6D] createLogger: name: CONST_FOLDING default level: 5 log level: 1[debug] console level: 6 special context: 1 TID:1 PID: 0 fileline: 0 filename: synapse_log.txt filesize: 10485760 fileBufferSize: 1048576 fileAmount: 5 rotateOnOpen: false default lazy level: 6 lazy level: 6
[01:36:49.160911][HLLOG][info ][tid:7D6D] createLogger: name: FLASH_ATTENTION default level: 5 log level: 1[debug] console level: 6 special context: 1 TID:1 PID: 0 fileline: 0 filename: synapse_log.txt filesize: 10485760 fileBufferSize: 1048576 fileAmount: 5 rotateOnOpen: false default lazy level: 6 lazy level: 6
[01:36:49.160918][HLLOG][info ][tid:7D6D] createLogger: name: FUSE_BROADCAST default level: 5 log level: 1[debug] console level: 6 special context: 1 TID:1 PID: 0 fileline: 0 filename: synapse_log.txt filesize: 10485760 fileBufferSize: 1048576 fileAmount: 5 rotateOnOpen: false default lazy level: 6 lazy level: 6
[01:36:49.160924][HLLOG][info ][tid:7D6D] createLogger: name: STRIDED_OP_DECODE default level: 5 log level: 1[debug] console level: 6 special context: 1 TID:1 PID: 0 fileline: 0 filename: synapse_log.txt filesize: 10485760 fileBufferSize: 1048576 fileAmount: 5 rotateOnOpen: false default lazy level: 6 lazy level: 6
[01:36:49.160930][HLLOG][info ][tid:7D6D] createLogger: name: USER_PROGRAMMABILITY default level: 5 log level: 1[debug] console level: 6 special context: 1 TID:1 PID: 0 fileline: 0 filename: synapse_log.txt filesize: 10485760 fileBufferSize: 1048576 fileAmount: 5 rotateOnOpen: false default lazy level: 6 lazy level: 6
[01:36:49.160936][HLLOG][info ][tid:7D6D] createLogger: name: MOE default level: 5 log level: 1[debug] console level: 6 special context: 1 TID:1 PID: 0 fileline: 0 filename: synapse_log.txt filesize: 10485760 fileBufferSize: 1048576 fileAmount: 5 rotateOnOpen: false default lazy level: 6 lazy level: 6
[01:36:49.162249][HLLOG][info ][tid:7D6D] createLogger: name: SYN_STREAM default level: 4 log level: 1[debug] console level: 6 special context: 1 TID:1 PID: 0 fileline: 0 filename: synapse_runtime.log filesize: 104857600 fileBufferSize: 1048576 fileAmount: 1 rotateOnOpen: false default lazy level: 6 lazy level: 6
[01:36:49.162261][HLLOG][info ][tid:7D6D] createLogger: name: SYN_CS default level: 4 log level: 1[debug] console level: 6 special context: 1 TID:1 PID: 0 fileline: 0 filename: synapse_runtime.log filesize: 104857600 fileBufferSize: 1048576 fileAmount: 1 rotateOnOpen: false default lazy level: 6 lazy level: 6
[01:36:49.162270][HLLOG][info ][tid:7D6D] createLogger: name: SYN_PROG_DWNLD default level: 4 log level: 1[debug] console level: 6 special context: 1 TID:1 PID: 0 fileline: 0 filename: synapse_runtime.log filesize: 104857600 fileBufferSize: 1048576 fileAmount: 1 rotateOnOpen: false default lazy level: 6 lazy level: 6
[01:36:49.162277][HLLOG][info ][tid:7D6D] createLogger: name: SYN_MEM_ALLOC default level: 4 log level: 1[debug] console level: 6 special context: 1 TID:1 PID: 0 fileline: 0 filename: synapse_runtime.log filesize: 104857600 fileBufferSize: 1048576 fileAmount: 1 rotateOnOpen: false default lazy level: 6 lazy level: 6
[01:36:49.162285][HLLOG][info ][tid:7D6D] createLogger: name: SYN_DATA_CHUNK default level: 4 log level: 1[debug] console level: 6 special context: 1 TID:1 PID: 0 fileline: 0 filename: synapse_runtime.log filesize: 104857600 fileBufferSize: 1048576 fileAmount: 1 rotateOnOpen: false default lazy level: 6 lazy level: 6
[01:36:49.162292][HLLOG][info ][tid:7D6D] createLogger: name: SYN_RECIPE default level: 4 log level: 1[debug] console level: 6 special context: 1 TID:1 PID: 0 fileline: 0 filename: synapse_runtime.log filesize: 104857600 fileBufferSize: 1048576 fileAmount: 1 rotateOnOpen: false default lazy level: 6 lazy level: 6
[01:36:49.162299][HLLOG][info ][tid:7D6D] createLogger: name: SYN_RCPE_CACHE default level: 4 log level: 1[debug] console level: 6 special context: 1 TID:1 PID: 0 fileline: 0 filename: synapse_runtime.log filesize: 104857600 fileBufferSize: 1048576 fileAmount: 1 rotateOnOpen: false default lazy level: 6 lazy level: 6
[01:36:49.162306][HLLOG][info ][tid:7D6D] createLogger: name: SYN_PATCHING default level: 4 log level: 1[debug] console level: 6 special context: 1 TID:1 PID: 0 fileline: 0 filename: synapse_runtime.log filesize: 104857600 fileBufferSize: 1048576 fileAmount: 1 rotateOnOpen: false default lazy level: 6 lazy level: 6
[01:36:49.162313][HLLOG][info ][tid:7D6D] createLogger: name: SYN_GRAPH default level: 4 log level: 1[debug] console level: 6 special context: 1 TID:1 PID: 0 fileline: 0 filename: synapse_runtime.log filesize: 104857600 fileBufferSize: 1048576 fileAmount: 1 rotateOnOpen: false default lazy level: 6 lazy level: 6
[01:36:49.162320][HLLOG][info ][tid:7D6D] createLogger: name: SYN_DEVICE default level: 4 log level: 1[debug] console level: 6 special context: 1 TID:1 PID: 0 fileline: 0 filename: synapse_runtime.log filesize: 104857600 fileBufferSize: 1048576 fileAmount: 1 rotateOnOpen: false default lazy level: 6 lazy level: 6
[01:36:49.162327][HLLOG][info ][tid:7D6D] createLogger: name: SYN_MEM_MAP default level: 4 log level: 1[debug] console level: 6 special context: 1 TID:1 PID: 0 fileline: 0 filename: synapse_runtime.log filesize: 104857600 fileBufferSize: 1048576 fileAmount: 1 rotateOnOpen: false default lazy level: 6 lazy level: 6
[01:36:49.162334][HLLOG][info ][tid:7D6D] createLogger: name: SYN_WORK_COMPL default level: 4 log level: 1[debug] console level: 6 special context: 1 TID:1 PID: 0 fileline: 0 filename: synapse_runtime.log filesize: 104857600 fileBufferSize: 1048576 fileAmount: 1 rotateOnOpen: false default lazy level: 6 lazy level: 6
[01:36:49.162341][HLLOG][info ][tid:7D6D] createLogger: name: SYN_OSAL default level: 4 log level: 1[debug] console level: 6 special context: 1 TID:1 PID: 0 fileline: 0 filename: synapse_runtime.log filesize: 104857600 fileBufferSize: 1048576 fileAmount: 1 rotateOnOpen: false default lazy level: 6 lazy level: 6
[01:36:49.162348][HLLOG][info ][tid:7D6D] createLogger: name: SYN_TPC_PRINT default level: 4 log level: 1[debug] console level: 6 special context: 1 TID:1 PID: 0 fileline: 0 filename: synapse_runtime.log filesize: 104857600 fileBufferSize: 1048576 fileAmount: 1 rotateOnOpen: false default lazy level: 6 lazy level: 6
[01:36:49.162355][HLLOG][info ][tid:7D6D] createLogger: name: SYN_PATCH_INFO default level: 4 log level: 1[debug] console level: 6 special context: 1 TID:1 PID: 0 fileline: 0 filename: synapse_runtime.log filesize: 104857600 fileBufferSize: 1048576 fileAmount: 1 rotateOnOpen: false default lazy level: 6 lazy level: 6
[01:36:49.162372][HLLOG][info ][tid:7D6D] createLogger: name: SYN_EVENT_FD default level: 4 log level: 1[debug] console level: 6 special context: 1 TID:1 PID: 0 fileline: 0 filename: synapse_runtime.log filesize: 104857600 fileBufferSize: 1048576 fileAmount: 1 rotateOnOpen: false default lazy level: 6 lazy level: 6
[01:36:49.162379][HLLOG][info ][tid:7D6D] createLogger: name: SYN_DM_STREAM default level: 4 log level: 1[debug] console level: 6 special context: 1 TID:1 PID: 0 fileline: 0 filename: synapse_runtime.log filesize: 104857600 fileBufferSize: 1048576 fileAmount: 1 rotateOnOpen: false default lazy level: 6 lazy level: 6
[01:36:49.162393][HLLOG][info ][tid:7D6D] createLogger: name: SYN_RT_TEST default level: 2 log level: 2[info] console level: 6 special context: 1 TID:1 PID: 0 fileline: 0 filename: synapse_runtime.log filesize: 104857600 fileBufferSize: 1048576 fileAmount: 1 rotateOnOpen: false default lazy level: 6 lazy level: 6
[01:36:49.162401][HLLOG][info ][tid:7D6D] createLogger: name: SYN_API default level: 4 log level: 1[debug] console level: 6 special context: 1 TID:1 PID: 0 fileline: 0 filename: synapse_runtime.log filesize: 104857600 fileBufferSize: 1048576 fileAmount: 1 rotateOnOpen: false default lazy level: 1 lazy level: 1
[01:36:49.162556][HLLOG][info ][tid:7D6D] createLogger: name: SYN_PROGRESS default level: 6 log level: 1[debug] console level: 6 special context: 1 TID:1 PID: 0 fileline: 0 filename: synapse_runtime.log filesize: 104857600 fileBufferSize: 1048576 fileAmount: 1 rotateOnOpen: false default lazy level: 0 lazy level: 0
[01:36:49.162792][HLLOG][info ][tid:7D6D] createLogger: name: SYN_DFA_API default level: 6 log level: 1[debug] console level: 6 special context: 1 TID:1 PID: 0 fileline: 0 filename: synapse_runtime.log filesize: 104857600 fileBufferSize: 1048576 fileAmount: 1 rotateOnOpen: false default lazy level: 0 lazy level: 0
[01:36:49.164433][HLLOG][info ][tid:7D6D] createLogger: name: GC_PERF default level: 5 log level: 1[debug] console level: 6 special context: 0 TID:0 PID: 0 fileline: 0 filename: graph_compiler_perf.log filesize: 10485760 fileBufferSize: 1048576 fileAmount: 5 rotateOnOpen: false default lazy level: 6 lazy level: 6
[01:36:49.164450][HLLOG][info ][tid:7D6D] createLoggerOnDemand: loggerName: SYN_CS_PARSER defaultLogLevel: 5 defaultLazyLoggingLevel: 6
[01:36:49.164456][HLLOG][info ][tid:7D6D] createLoggerOnDemand: loggerName: SYN_DEV_FAIL defaultLogLevel: 0 defaultLazyLoggingLevel: 6
[01:36:49.164459][HLLOG][info ][tid:7D6D] createLoggerOnDemand: loggerName: SYN_FAIL_RECIPE defaultLogLevel: 0 defaultLazyLoggingLevel: 6
[01:36:49.164462][HLLOG][info ][tid:7D6D] createLoggerOnDemand: loggerName: DMESG_LOG defaultLogLevel: 0 defaultLazyLoggingLevel: 6
[01:36:49.164465][HLLOG][info ][tid:7D6D] createLoggerOnDemand: loggerName: DFA_NIC defaultLogLevel: 0 defaultLazyLoggingLevel: 6
[01:36:49.164469][HLLOG][info ][tid:7D6D] createLoggerOnDemand: loggerName: DFA_API_INFO defaultLogLevel: 0 defaultLazyLoggingLevel: 6
[01:36:49.164472][HLLOG][info ][tid:7D6D] createLoggerOnDemand: loggerName: EVENT_TRIGGER defaultLogLevel: 5 defaultLazyLoggingLevel: 6
[01:36:49.164475][HLLOG][info ][tid:7D6D] createLoggerOnDemand: loggerName: PERF defaultLogLevel: 5 defaultLazyLoggingLevel: 6
[01:36:49.164478][HLLOG][info ][tid:7D6D] createLoggerOnDemand: loggerName: RECIPE_STATS defaultLogLevel: 5 defaultLazyLoggingLevel: 6
[01:36:49.176503][HLLOG][info ][tid:7D6D] ModuleLoggerData: initialization of module: shared_layer::LoggerTypes. logging dir: /app/torch-compile-tutorial/HPU/hlogs logging dir from env: /app/torch-compile-tutorial/HPU/hlogs
[01:36:49.177525][HLLOG][info ][tid:7D6D] createLogger: name: SHARED_LAYER default level: 0 log level: 1[debug] console level: 6 special context: 0 TID:1 PID: 1 fileline: 0 filename: shared_lib_log.txt filesize: 5242880 fileBufferSize: 0 fileAmount: 1 rotateOnOpen: false default lazy level: 6 lazy level: 6
[01:36:49.213296][HLLOG][info ][tid:7D6D] ModuleLoggerData: initialization of module: HlLogger::LoggerType. logging dir: /app/torch-compile-tutorial/HPU/hlogs logging dir from env: /app/torch-compile-tutorial/HPU/hlogs
[01:36:49.213377][HLLOG][info ][tid:7D6D] createLoggerOnDemand: loggerName: PT_DEVICE defaultLogLevel: 5 defaultLazyLoggingLevel: 6
[01:36:49.213385][HLLOG][info ][tid:7D6D] createLoggerOnDemand: loggerName: PT_KERNEL defaultLogLevel: 5 defaultLazyLoggingLevel: 6
[01:36:49.213405][HLLOG][info ][tid:7D6D] createLoggerOnDemand: loggerName: PT_BRIDGE defaultLogLevel: 5 defaultLazyLoggingLevel: 6
[01:36:49.213411][HLLOG][info ][tid:7D6D] createLoggerOnDemand: loggerName: PT_SYNHELPER defaultLogLevel: 5 defaultLazyLoggingLevel: 6
[01:36:49.213417][HLLOG][info ][tid:7D6D] createLoggerOnDemand: loggerName: PT_DISTRIBUTED defaultLogLevel: 5 defaultLazyLoggingLevel: 6
[01:36:49.213423][HLLOG][info ][tid:7D6D] createLoggerOnDemand: loggerName: PT_LAZY defaultLogLevel: 5 defaultLazyLoggingLevel: 6
[01:36:49.213429][HLLOG][info ][tid:7D6D] createLoggerOnDemand: loggerName: PT_FALLBACK defaultLogLevel: 5 defaultLazyLoggingLevel: 6
[01:36:49.213434][HLLOG][info ][tid:7D6D] createLoggerOnDemand: loggerName: PT_STATS defaultLogLevel: 5 defaultLazyLoggingLevel: 6
[01:36:49.213439][HLLOG][info ][tid:7D6D] createLoggerOnDemand: loggerName: PT_TEST defaultLogLevel: 5 defaultLazyLoggingLevel: 6
[01:36:49.213446][HLLOG][info ][tid:7D6D] createLoggerOnDemand: loggerName: PT_DYNAMIC_SHAPE defaultLogLevel: 5 defaultLazyLoggingLevel: 6
[01:36:49.213452][HLLOG][info ][tid:7D6D] createLoggerOnDemand: loggerName: PT_DEVMEM defaultLogLevel: 5 defaultLazyLoggingLevel: 6
[01:36:49.213457][HLLOG][info ][tid:7D6D] createLoggerOnDemand: loggerName: PT_HABHELPER defaultLogLevel: 5 defaultLazyLoggingLevel: 6
[01:36:49.213462][HLLOG][info ][tid:7D6D] createLoggerOnDemand: loggerName: PT_IRGRAPH defaultLogLevel: 5 defaultLazyLoggingLevel: 6
[01:36:49.213467][HLLOG][info ][tid:7D6D] createLoggerOnDemand: loggerName: PT_VIEWTABLE defaultLogLevel: 5 defaultLazyLoggingLevel: 6
[01:36:49.213472][HLLOG][info ][tid:7D6D] createLoggerOnDemand: loggerName: PT_REFINEMENT defaultLogLevel: 5 defaultLazyLoggingLevel: 6
[01:36:49.213477][HLLOG][info ][tid:7D6D] createLoggerOnDemand: loggerName: PT_HOSTSTAT defaultLogLevel: 5 defaultLazyLoggingLevel: 6
[01:36:49.213483][HLLOG][info ][tid:7D6D] createLoggerOnDemand: loggerName: PT_LAYOUTS defaultLogLevel: 5 defaultLazyLoggingLevel: 6
[01:36:49.213488][HLLOG][info ][tid:7D6D] createLoggerOnDemand: loggerName: PT_PARALLEL_ACC defaultLogLevel: 5 defaultLazyLoggingLevel: 6
[01:36:49.213493][HLLOG][info ][tid:7D6D] createLoggerOnDemand: loggerName: PT_LAZY_EAGER defaultLogLevel: 5 defaultLazyLoggingLevel: 6
[01:36:49.213499][HLLOG][info ][tid:7D6D] createLoggerOnDemand: loggerName: PT_MEMLOG defaultLogLevel: 5 defaultLazyLoggingLevel: 6
[01:36:49.213504][HLLOG][info ][tid:7D6D] createLoggerOnDemand: loggerName: PT_EXEC_THREAD defaultLogLevel: 5 defaultLazyLoggingLevel: 6
[01:36:49.213509][HLLOG][info ][tid:7D6D] createLoggerOnDemand: loggerName: PT_EAGER defaultLogLevel: 5 defaultLazyLoggingLevel: 6
[01:36:49.213514][HLLOG][info ][tid:7D6D] createLoggerOnDemand: loggerName: PT_CUSTOM defaultLogLevel: 5 defaultLazyLoggingLevel: 6
[01:36:49.213520][HLLOG][info ][tid:7D6D] createLoggerOnDemand: loggerName: PT_RECIPE_STATS defaultLogLevel: 5 defaultLazyLoggingLevel: 6
[01:36:49.213525][HLLOG][info ][tid:7D6D] createLoggerOnDemand: loggerName: PT_HPUGRAPH defaultLogLevel: 5 defaultLazyLoggingLevel: 6
[01:36:49.213530][HLLOG][info ][tid:7D6D] createLoggerOnDemand: loggerName: PT_CONST_SECTION defaultLogLevel: 5 defaultLazyLoggingLevel: 6
[01:36:49.213536][HLLOG][info ][tid:7D6D] createLoggerOnDemand: loggerName: PT_PYTHON defaultLogLevel: 5 defaultLazyLoggingLevel: 6
[01:36:49.213541][HLLOG][info ][tid:7D6D] createLoggerOnDemand: loggerName: PT_TRACE defaultLogLevel: 0 defaultLazyLoggingLevel: 6
[01:36:49.213546][HLLOG][info ][tid:7D6D] createLoggerOnDemand: loggerName: PT[01:37:39.266637][HLLOG][info ][tid:8021] ModuleLoggerData: initialization of module: ShimLogger::LoggerTypes. logging dir: /app/torch-compile-tutorial/HPU/hlogs logging dir from env: /app/torch-compile-tutorial/HPU/hlogs
[01:37:39.266984][HLLOG][info ][tid:8021] createLogger: name: SHIM_CORE default level: 5 log level: 1[debug] console level: 6 special context: 0 TID:1 PID: 1 fileline: 0 filename: shim_core_log.txt filesize: 5242880 fileBufferSize: 0 fileAmount: 1 rotateOnOpen: false default lazy level: 6 lazy level: 6
[01:37:39.267981][HLLOG][info ][tid:8021] ~ModuleLoggerData: destruction of module: ShimLogger::LoggerTypes
_TOWL defaultLogLevel: 1 defaultLazyLoggingLevel: 6
[01:36:50.565621][HLLOG][info ][tid:7D6D] createLogger: name: PT_PYTHON default level: 255 log level: 0[trace] console level: 255 special context: 0 TID:1 PID: 0 fileline: 0 filename: pytorch_log.txt filesize: 5242880 fileBufferSize: 0 fileAmount: 5 rotateOnOpen: false default lazy level: 255 lazy level: 6
[01:36:50.565638][HLLOG][info ][tid:7D6D] setLoggingLevel: logger: PT_PYTHON newLevel: 1
[01:36:50.565641][HLLOG][info ][tid:7D6D] setConsoleLoggingLevel: logger: PT_PYTHON newConsoleLevel: 6
[01:36:50.565645][HLLOG][info ][tid:7D6D] setLazyLoggingLevel: logger: PT_PYTHON newLevel: 6
[01:36:50.565652][HLLOG][info ][tid:7D6D] setLazyLoggingLevel: logger: PT_PYTHON newLevel: 6
[01:37:39.237123][HLLOG][info ][tid:7D6D] createLogger: name: PT_SYNHELPER default level: 255 log level: 0[trace] console level: 255 special context: 0 TID:1 PID: 0 fileline: 0 filename: pytorch_log.txt filesize: 5242880 fileBufferSize: 0 fileAmount: 5 rotateOnOpen: false default lazy level: 255 lazy level: 6
[01:37:39.237135][HLLOG][info ][tid:7D6D] setLoggingLevel: logger: PT_SYNHELPER newLevel: 1
[01:37:39.237136][HLLOG][info ][tid:7D6D] setConsoleLoggingLevel: logger: PT_SYNHELPER newConsoleLevel: 6
[01:37:39.237137][HLLOG][info ][tid:7D6D] setLazyLoggingLevel: logger: PT_SYNHELPER newLevel: 6
[01:37:39.237139][HLLOG][info ][tid:7D6D] setLazyLoggingLevel: logger: PT_SYNHELPER newLevel: 6
[01:37:39.238262][HLLOG][info ][tid:7D6D] ModuleLoggerData: initialization of module: ShimLogger::LoggerTypes. logging dir: /app/torch-compile-tutorial/HPU/hlogs logging dir from env: /app/torch-compile-tutorial/HPU/hlogs
[01:37:39.239583][HLLOG][info ][tid:7D6D] createLogger: name: SHIM_CORE default level: 5 log level: 1[debug] console level: 6 special context: 0 TID:1 PID: 1 fileline: 0 filename: shim_core_log.txt filesize: 5242880 fileBufferSize: 0 fileAmount: 1 rotateOnOpen: false default lazy level: 6 lazy level: 6
[01:37:39.321818][HLLOG][info ][tid:7D6D] ModuleLoggerData: initialization of module: SWToolsLogger::LoggerTypes. logging dir: /app/torch-compile-tutorial/HPU/hlogs logging dir from env: /app/torch-compile-tutorial/HPU/hlogs
[01:37:39.321838][HLLOG][info ][tid:7D6D] createLoggerOnDemand: loggerName: HLDBG defaultLogLevel: 4 defaultLazyLoggingLevel: 6
[01:37:39.321840][HLLOG][info ][tid:7D6D] createLoggerOnDemand: loggerName: PARSER defaultLogLevel: 4 defaultLazyLoggingLevel: 6
[01:37:39.321843][HLLOG][info ][tid:7D6D] createLoggerOnDemand: loggerName: SYNPROF_CONF defaultLogLevel: 4 defaultLazyLoggingLevel: 6
[01:37:39.321844][HLLOG][info ][tid:7D6D] createLoggerOnDemand: loggerName: TRACE_ANALYZER defaultLogLevel: 4 defaultLazyLoggingLevel: 6
[01:37:39.321846][HLLOG][info ][tid:7D6D] createLoggerOnDemand: loggerName: GRAPH_PARSER defaultLogLevel: 4 defaultLazyLoggingLevel: 6
[01:37:39.321848][HLLOG][info ][tid:7D6D] createLoggerOnDemand: loggerName: TRACELIB_BRIDGE defaultLogLevel: 4 defaultLazyLoggingLevel: 6
[01:37:39.321849][HLLOG][info ][tid:7D6D] createLoggerOnDemand: loggerName: PARSER_EXE defaultLogLevel: 3 defaultLazyLoggingLevel: 6
[01:37:39.321851][HLLOG][info ][tid:7D6D] createLoggerOnDemand: loggerName: DEV_ACCESS defaultLogLevel: 4 defaultLazyLoggingLevel: 6
[01:37:39.321853][HLLOG][info ][tid:7D6D] createLoggerOnDemand: loggerName: HOST_PROFILER defaultLogLevel: 4 defaultLazyLoggingLevel: 6
[01:37:39.321854][HLLOG][info ][tid:7D6D] createLoggerOnDemand: loggerName: HW_TRACE defaultLogLevel: 4 defaultLazyLoggingLevel: 6
[01:37:39.321855][HLLOG][info ][tid:7D6D] createLoggerOnDemand: loggerName: QMAN_PARSER defaultLogLevel: 4 defaultLazyLoggingLevel: 6
[01:37:39.321857][HLLOG][info ][tid:7D6D] createLoggerOnDemand: loggerName: TOPOLOGY_DEBUGGER defaultLogLevel: 4 defaultLazyLoggingLevel: 6
[01:37:39.321859][HLLOG][info ][tid:7D6D] createLoggerOnDemand: loggerName: PROF_SDK defaultLogLevel: 4 defaultLazyLoggingLevel: 6
[01:37:39.588330][HLLOG][info ][tid:7D6D] enablePeriodicFlush: enable: true
[01:37:39.614035][HLLOG][info ][tid:7D6D] setLoggingLevel: logger: SCAL newLevel: 0
[01:37:39.614042][HLLOG][info ][tid:7D6D] setLoggingLevel: logger: SCAL newLevel: 1
[01:37:41.328889][HLLOG][info ][tid:7D6D] setLoggingLevel: logger: HCL newLevel: 2
[01:37:41.328898][HLLOG][info ][tid:7D6D] setLoggingLevel: logger: HCL newLevel: 1
[01:37:41.329118][HLLOG][info ][tid:7D6D] setLoggingLevel: logger: HCL newLevel: 2
[01:37:41.329119][HLLOG][info ][tid:7D6D] setLoggingLevel: logger: HCL newLevel: 1
[01:37:42.213152][HLLOG][info ][tid:7D6D] createLogger: name: HW_TRACE default level: 255 log level: 0[trace] console level: 255 special context: 0 TID:1 PID: 1 fileline: 0 filename: shim_plugins_log.txt filesize: 5242880 fileBufferSize: 0 fileAmount: 1 rotateOnOpen: false default lazy level: 255 lazy level: 6
[01:37:42.213172][HLLOG][info ][tid:7D6D] setLoggingLevel: logger: HW_TRACE newLevel: 1
[01:37:42.213178][HLLOG][info ][tid:7D6D] setConsoleLoggingLevel: logger: HW_TRACE newConsoleLevel: 6
[01:37:42.213183][HLLOG][info ][tid:7D6D] setLazyLoggingLevel: logger: HW_TRACE newLevel: 6
[01:37:42.213196][HLLOG][info ][tid:7D6D] setLazyLoggingLevel: logger: HW_TRACE newLevel: 6
[01:37:42.214391][HLLOG][info ][tid:7D6D] createLogger: name: PARSER default level: 255 log level: 0[trace] console level: 255 special context: 0 TID:1 PID: 1 fileline: 0 filename: synprof_parser_log.txt filesize: 5242880 fileBufferSize: 0 fileAmount: 1 rotateOnOpen: false default lazy level: 255 lazy level: 6
[01:37:42.214396][HLLOG][info ][tid:7D6D] setLoggingLevel: logger: PARSER newLevel: 1
[01:37:42.214398][HLLOG][info ][tid:7D6D] setConsoleLoggingLevel: logger: PARSER newConsoleLevel: 6
[01:37:42.214400][HLLOG][info ][tid:7D6D] setLazyLoggingLevel: logger: PARSER newLevel: 6
[01:37:42.214405][HLLOG][info ][tid:7D6D] setLazyLoggingLevel: logger: PARSER newLevel: 6
[01:37:42.214529][HLLOG][info ][tid:7D6D] createLogger: name: PROF_hl0 default level: 5 log level: 1[debug] console level: 6 special context: 0 TID:1 PID: 1 fileline: 0 filename: shim_plugins_log.txt filesize: 5242880 fileBufferSize: 0 fileAmount: 1 rotateOnOpen: false default lazy level: 6 lazy level: 6
[01:37:42.226062][HLLOG][info ][tid:7D6D] createLogger: name: PT_HABHELPER default level: 255 log level: 0[trace] console level: 255 special context: 0 TID:1 PID: 0 fileline: 0 filename: pytorch_log.txt filesize: 5242880 fileBufferSize: 0 fileAmount: 5 rotateOnOpen: false default lazy level: 255 lazy level: 6
[01:37:42.226065][HLLOG][info ][tid:7D6D] setLoggingLevel: logger: PT_HABHELPER newLevel: 1
[01:37:42.226065][HLLOG][info ][tid:7D6D] setConsoleLoggingLevel: logger: PT_HABHELPER newConsoleLevel: 6
[01:37:42.226066][HLLOG][info ][tid:7D6D] setLazyLoggingLevel: logger: PT_HABHELPER newLevel: 6
[01:37:42.226068][HLLOG][info ][tid:7D6D] setLazyLoggingLevel: logger: PT_HABHELPER newLevel: 6
[01:37:42.226849][HLLOG][info ][tid:7D6D] createLogger: name: PT_DEVMEM default level: 255 log level: 0[trace] console level: 255 special context: 0 TID:1 PID: 0 fileline: 0 filename: pytorch_log.txt filesize: 5242880 fileBufferSize: 0 fileAmount: 5 rotateOnOpen: false default lazy level: 255 lazy level: 6
[01:37:42.226851][HLLOG][info ][tid:7D6D] setLoggingLevel: logger: PT_DEVMEM newLevel: 1
[01:37:42.226852][HLLOG][info ][tid:7D6D] setConsoleLoggingLevel: logger: PT_DEVMEM newConsoleLevel: 6
[01:37:42.226853][HLLOG][info ][tid:7D6D] setLazyLoggingLevel: logger: PT_DEVMEM newLevel: 6
[01:37:42.226854][HLLOG][info ][tid:7D6D] setLazyLoggingLevel: logger: PT_DEVMEM newLevel: 6
[01:37:42.227487][HLLOG][info ][tid:7D6D] createLogger: name: PT_DYNAMIC_SHAPE default level: 255 log level: 0[trace] console level: 255 special context: 0 TID:1 PID: 0 fileline: 0 filename: pytorch_log.txt filesize: 5242880 fileBufferSize: 0 fileAmount: 5 rotateOnOpen: false default lazy level: 255 lazy level: 6
[01:37:42.227489][HLLOG][info ][tid:7D6D] setLoggingLevel: logger: PT_DYNAMIC_SHAPE newLevel: 1
[01:37:42.227489][HLLOG][info ][tid:7D6D] setConsoleLoggingLevel: logger: PT_DYNAMIC_SHAPE newConsoleLevel: 6
[01:37:42.227490][HLLOG][info ][tid:7D6D] setLazyLoggingLevel: logger: PT_DYNAMIC_SHAPE newLevel: 6
[01:37:42.227491][HLLOG][info ][tid:7D6D] setLazyLoggingLevel: logger: PT_DYNAMIC_SHAPE newLevel: 6
[01:37:42.229365][HLLOG][info ][tid:7D6D] createLogger: name: PT_BRIDGE default level: 255 log level: 0[trace] console level: 255 special context: 0 TID:1 PID: 0 fileline: 0 filename: pytorch_log.txt filesize: 5242880 fileBufferSize: 0 fileAmount: 5 rotateOnOpen: false default lazy level: 255 lazy level: 6
[01:37:42.229366][HLLOG][info ][tid:7D6D] setLoggingLevel: logger: PT_BRIDGE newLevel: 1
[01:37:42.229367][HLLOG][info ][tid:7D6D] setConsoleLoggingLevel: logger: PT_BRIDGE newConsoleLevel: 6
[01:37:42.229368][HLLOG][info ][tid:7D6D] setLazyLoggingLevel: logger: PT_BRIDGE newLevel: 6
[01:37:42.229369][HLLOG][info ][tid:7D6D] setLazyLoggingLevel: logger: PT_BRIDGE newLevel: 6
[01:37:42.231310][HLLOG][info ][tid:7D6D] createLogger: name: PT_DEVICE default level: 255 log level: 0[trace] console level: 255 special context: 0 TID:1 PID: 0 fileline: 0 filename: pytorch_log.txt filesize: 5242880 fileBufferSize: 0 fileAmount: 5 rotateOnOpen: false default lazy level: 255 lazy level: 6
[01:37:42.231312][HLLOG][info ][tid:7D6D] setLoggingLevel: logger: PT_DEVICE newLevel: 1
[01:37:42.231313][HLLOG][info ][tid:7D6D] setConsoleLoggingLevel: logger: PT_DEVICE newConsoleLevel: 6
[01:37:42.231313][HLLOG][info ][tid:7D6D] setLazyLoggingLevel: logger: PT_DEVICE newLevel: 6
[01:37:42.231314][HLLOG][info ][tid:7D6D] setLazyLoggingLevel: logger: PT_DEVICE newLevel: 6
[01:37:42.231323][HLLOG][info ][tid:7D6D] createLogger: name: PT_EAGER default level: 255 log level: 0[trace] console level: 255 special context: 0 TID:1 PID: 0 fileline: 0 filename: pytorch_log.txt filesize: 5242880 fileBufferSize: 0 fileAmount: 5 rotateOnOpen: false default lazy level: 255 lazy level: 6
[01:37:42.231324][HLLOG][info ][tid:7D6D] setLoggingLevel: logger: PT_EAGER newLevel: 1
[01:37:42.231324][HLLOG][info ][tid:7D6D] setConsoleLoggingLevel: logger: PT_EAGER newConsoleLevel: 6
[01:37:42.231324][HLLOG][info ][tid:7D6D] setLazyLoggingLevel: logger: PT_EAGER newLevel: 6
[01:37:42.231325][HLLOG][info ][tid:7D6D] setLazyLoggingLevel: logger: PT_EAGER newLevel: 6
[01:37:42.231403][HLLOG][info ][tid:7D6D] createLogger: name: PT_STATS default level: 255 log level: 0[trace] console level: 255 special context: 0 TID:1 PID: 0 fileline: 0 filename: pytorch_log.txt filesize: 5242880 fileBufferSize: 0 fileAmount: 5 rotateOnOpen: false default lazy level: 255 lazy level: 6
[01:37:42.231404][HLLOG][info ][tid:7D6D] setLoggingLevel: logger: PT_STATS newLevel: 1
[01:37:42.231404][HLLOG][info ][tid:7D6D] setConsoleLoggingLevel: logger: PT_STATS newConsoleLevel: 6
[01:37:42.231404][HLLOG][info ][tid:7D6D] setLazyLoggingLevel: logger: PT_STATS newLevel: 6
[01:37:42.231405][HLLOG][info ][tid:7D6D] setLazyLoggingLevel: logger: PT_STATS newLevel: 6
[01:37:42.817875][HLLOG][info ][tid:8053] createLogger: name: PT_TEST default level: 255 log level: 0[trace] console level: 255 special context: 0 TID:1 PID: 0 fileline: 0 filename: pytorch_log.txt filesize: 5242880 fileBufferSize: 0 fileAmount: 5 rotateOnOpen: false default lazy level: 255 lazy level: 6
[01:37:42.817880][HLLOG][info ][tid:8053] setLoggingLevel: logger: PT_TEST newLevel: 1
[01:37:42.817881][HLLOG][info ][tid:8053] setConsoleLoggingLevel: logger: PT_TEST newConsoleLevel: 6
[01:37:42.817882][HLLOG][info ][tid:8053] setLazyLoggingLevel: logger: PT_TEST newLevel: 6
[01:37:42.817884][HLLOG][info ][tid:8053] setLazyLoggingLevel: logger: PT_TEST newLevel: 6
[01:37:42.817921][HLLOG][info ][tid:8053] createLogger: name: PT_IRGRAPH default level: 255 log level: 0[trace] console level: 255 special context: 0 TID:1 PID: 0 fileline: 0 filename: pytorch_log.txt filesize: 5242880 fileBufferSize: 0 fileAmount: 5 rotateOnOpen: false default lazy level: 255 lazy level: 6
[01:37:42.817922][HLLOG][info ][tid:8053] setLoggingLevel: logger: PT_IRGRAPH newLevel: 1
[01:37:42.817923][HLLOG][info ][tid:8053] setConsoleLoggingLevel: logger: PT_IRGRAPH newConsoleLevel: 6
[01:37:42.817923][HLLOG][info ][tid:8053] setLazyLoggingLevel: logger: PT_IRGRAPH newLevel: 6
[01:37:42.817924][HLLOG][info ][tid:8053] setLazyLoggingLevel: logger: PT_IRGRAPH newLevel: 6
[01:37:42.818526][HLLOG][info ][tid:8053] createLogger: name: PT_LAZY default level: 255 log level: 0[trace] console level: 255 special context: 0 TID:1 PID: 0 fileline: 0 filename: pytorch_log.txt filesize: 5242880 fileBufferSize: 0 fileAmount: 5 rotateOnOpen: false default lazy level: 255 lazy level: 6
[01:37:42.818528][HLLOG][info ][tid:8053] setLoggingLevel: logger: PT_LAZY newLevel: 1
[01:37:42.818528][HLLOG][info ][tid:8053] setConsoleLoggingLevel: logger: PT_LAZY newConsoleLevel: 6
[01:37:42.818529][HLLOG][info ][tid:8053] setLazyLoggingLevel: logger: PT_LAZY newLevel: 6
[01:37:42.818530][HLLOG][info ][tid:8053] setLazyLoggingLevel: logger: PT_LAZY newLevel: 6
[01:37:42.820677][HLLOG][info ][tid:8053] createLogger: name: PT_LAZY_EAGER default level: 255 log level: 0[trace] console level: 255 special context: 0 TID:1 PID: 0 fileline: 0 filename: pytorch_log.txt filesize: 5242880 fileBufferSize: 0 fileAmount: 5 rotateOnOpen: false default lazy level: 255 lazy level: 6
[01:37:42.820679][HLLOG][info ][tid:8053] setLoggingLevel: logger: PT_LAZY_EAGER newLevel: 1
[01:37:42.820679][HLLOG][info ][tid:8053] setConsoleLoggingLevel: logger: PT_LAZY_EAGER newConsoleLevel: 6
[01:37:42.820680][HLLOG][info ][tid:8053] setLazyLoggingLevel: logger: PT_LAZY_EAGER newLevel: 6
[01:37:42.820681][HLLOG][info ][tid:8053] setLazyLoggingLevel: logger: PT_LAZY_EAGER newLevel: 6
[01:37:42.986637][HLLOG][info ][tid:8053] createLogger: name: RECIPE_STATS default level: 255 log level: 0[trace] console level: 255 special context: 0 TID:1 PID: 0 fileline: 0 filename: recipe_stats.log filesize: 50000000 fileBufferSize: 0 fileAmount: 0 rotateOnOpen: false default lazy level: 255 lazy level: 6
[01:37:42.986649][HLLOG][info ][tid:8053] setLoggingLevel: logger: RECIPE_STATS newLevel: 1
[01:37:42.986654][HLLOG][info ][tid:8053] setConsoleLoggingLevel: logger: RECIPE_STATS newConsoleLevel: 6
[01:37:42.986659][HLLOG][info ][tid:8053] setLazyLoggingLevel: logger: RECIPE_STATS newLevel: 6
[01:37:42.986665][HLLOG][info ][tid:8053] setLazyLoggingLevel: logger: RECIPE_STATS newLevel: 6
[01:37:42.987878][HLLOG][info ][tid:8051] createLogger: name: PT_MEMLOG default level: 255 log level: 0[trace] console level: 255 special context: 0 TID:1 PID: 0 fileline: 0 filename: pytorch_log.txt filesize: 5242880 fileBufferSize: 0 fileAmount: 5 rotateOnOpen: false default lazy level: 255 lazy level: 6
[01:37:42.987881][HLLOG][info ][tid:8051] setLoggingLevel: logger: PT_MEMLOG newLevel: 1
[01:37:42.987882][HLLOG][info ][tid:8051] setConsoleLoggingLevel: logger: PT_MEMLOG newConsoleLevel: 6
[01:37:42.987883][HLLOG][info ][tid:8051] setLazyLoggingLevel: logger: PT_MEMLOG newLevel: 6
[01:37:42.987885][HLLOG][info ][tid:8051] setLazyLoggingLevel: logger: PT_MEMLOG newLevel: 6
[01:37:43.150250][HLLOG][info ][tid:8053] createLogger: name: PT_KERNEL default level: 255 log level: 0[trace] console level: 255 special context: 0 TID:1 PID: 0 fileline: 0 filename: pytorch_log.txt filesize: 5242880 fileBufferSize: 0 fileAmount: 5 rotateOnOpen: false default lazy level: 255 lazy level: 6
[01:37:43.150254][HLLOG][info ][tid:8053] setLoggingLevel: logger: PT_KERNEL newLevel: 1
[01:37:43.150255][HLLOG][info ][tid:8053] setConsoleLoggingLevel: logger: PT_KERNEL newConsoleLevel: 6
[01:37:43.150256][HLLOG][info ][tid:8053] setLazyLoggingLevel: logger: PT_KERNEL newLevel: 6
[01:37:43.150258][HLLOG][info ][tid:8053] setLazyLoggingLevel: logger: PT_KERNEL newLevel: 6
[01:37:55.575587][HLLOG][info ][tid:7D6D] createLogger: name: PERF default level: 255 log level: 0[trace] console level: 255 special context: 0 TID:1 PID: 0 fileline: 0 filename: perf_measure.log filesize: 50000000 fileBufferSize: 1232896 fileAmount: 0 rotateOnOpen: false default lazy level: 255 lazy level: 6
[01:37:55.575596][HLLOG][info ][tid:7D6D] setLoggingLevel: logger: PERF newLevel: 1
[01:37:55.575598][HLLOG][info ][tid:7D6D] setConsoleLoggingLevel: logger: PERF newConsoleLevel: 6
[01:37:55.575599][HLLOG][info ][tid:7D6D] setLazyLoggingLevel: logger: PERF newLevel: 6
[01:37:55.575602][HLLOG][info ][tid:7D6D] setLazyLoggingLevel: logger: PERF newLevel: 6
[01:37:55.575757][HLLOG][info ][tid:7D6D] enablePeriodicFlush: enable: false
[01:37:55.580058][HLLOG][info ][tid:7D6D] ~ModuleLoggerData: destruction of module: SWToolsLogger::LoggerTypes
[01:37:55.587658][HLLOG][info ][tid:7D6D] ~ModuleLoggerData: destruction of module: ShimLogger::LoggerTypes
[01:37:55.589845][HLLOG][info ][tid:7D6D] ~ModuleLoggerData: destruction of module: HlLogger::LoggerType
[01:37:55.604720][HLLOG][info ][tid:7D6D] ~ModuleLoggerData: destruction of module: shared_layer::LoggerTypes
[01:37:55.605059][HLLOG][info ][tid:7D6D] ~ModuleLoggerData: destruction of module: synapse::LogManager::LogType
[01:37:55.606417][HLLOG][info ][tid:7D6D] ~ModuleLoggerData: destruction of module: hcl::LogManager::LogType
[01:37:55.607015][HLLOG][info ][tid:7D6D] ~ModuleLoggerData: destruction of module: scal::LoggerTypes
[01:37:55.607489][HLLOG][info ][tid:7D6D] ~ModuleLoggerData: destruction of module: hcclg1::LogManagerGaudi::LogType
[01:37:55.607677][HLLOG][info ][tid:7D6D] ~ModuleLoggerData: destruction of module: hl_gcfg::LoggerTypes
[01:37:55.608136][HLLOG][info ][tid:7D6D] ~ModuleLoggerData: destruction of module: sllogger::LoggerTypes
